2020-06-01T14:46:30 INFO: =====  Training Parameters    =====
2020-06-01T14:46:30 INFO: {
    "batch_size": 32,
    "checkpoint_interval": 1000,
    "clip_gradients": false,
    "clip_norm_mode": "all",
    "dataset_size_proportional_sampling": true,
    "device": "cuda",
    "early_stop": {
        "criteria": "hateful_memes/roc_auc",
        "enabled": false,
        "minimize": false,
        "patience": 4000
    },
    "evaluate_metrics": true,
    "evaluation_interval": 1000,
    "experiment_name": "run",
    "fast_read": false,
    "find_unused_parameters": false,
    "local_rank": null,
    "log_detailed_config": true,
    "log_format": "json",
    "log_interval": 100,
    "logger_level": "info",
    "lr_ratio": 0.1,
    "lr_scheduler": true,
    "lr_steps": [],
    "max_epochs": null,
    "max_updates": 1000,
    "num_workers": 4,
    "pin_memory": false,
    "seed": 30774828,
    "should_not_log": false,
    "tensorboard": false,
    "trainer": "base_trainer",
    "use_warmup": false,
    "verbose_dump": false,
    "warmup_factor": 0.2,
    "warmup_iterations": 1000
}
2020-06-01T14:46:30 INFO: ======  Dataset Attributes  ======
2020-06-01T14:46:30 INFO: ======== hateful_memes =======
2020-06-01T14:46:30 INFO: {
    "annotations": {
        "test": [
            "hateful_memes/defaults/annotations/test.jsonl"
        ],
        "train": [
            "hateful_memes/defaults/annotations/train.jsonl"
        ],
        "val": [
            "hateful_memes/defaults/annotations/dev.jsonl"
        ]
    },
    "data_dir": "/home/jupyter/meme_hateful_detection/data/raw/datasets",
    "depth_first": false,
    "fast_read": false,
    "features": {
        "test": [
            "hateful_memes/defaults/features/detectron.lmdb"
        ],
        "train": [
            "hateful_memes/defaults/features/detectron.lmdb"
        ],
        "val": [
            "hateful_memes/defaults/features/detectron.lmdb"
        ]
    },
    "images": {
        "test": [
            "hateful_memes/defaults/images/"
        ],
        "train": [
            "hateful_memes/defaults/images/"
        ],
        "val": [
            "hateful_memes/defaults/images/"
        ]
    },
    "max_features": 100,
    "processors": {
        "bbox_processor": {
            "params": {
                "max_length": 50
            },
            "type": "bbox"
        },
        "image_processor": {
            "params": {
                "transforms": [
                    {
                        "params": {
                            "size": [
                                256,
                                256
                            ]
                        },
                        "type": "Resize"
                    },
                    {
                        "params": {
                            "size": [
                                224,
                                224
                            ]
                        },
                        "type": "CenterCrop"
                    },
                    "ToTensor",
                    "GrayScaleTo3Channels",
                    {
                        "params": {
                            "mean": [
                                0.46777044,
                                0.44531429,
                                0.40661017
                            ],
                            "std": [
                                0.12221994,
                                0.12145835,
                                0.14380469
                            ]
                        },
                        "type": "Normalize"
                    }
                ]
            },
            "type": "torchvision_transforms"
        },
        "text_processor": {
            "params": {
                "max_length": 14,
                "preprocessor": {
                    "params": {},
                    "type": "simple_sentence"
                },
                "vocab": {
                    "embedding_name": "glove.6B.300d",
                    "type": "intersected",
                    "vocab_file": "hateful_memes/defaults/extras/vocabs/vocabulary_100k.txt"
                }
            },
            "type": "vocab"
        }
    },
    "return_features_info": false,
    "use_features": false,
    "use_images": true
}
2020-06-01T14:46:30 INFO: ======  Optimizer Attributes  ======
2020-06-01T14:46:30 INFO: {
    "params": {
        "eps": 1e-08,
        "lr": 1e-05
    },
    "type": "adam_w"
}
2020-06-01T14:46:30 INFO: ======  Model (unimodal_image) Attributes  ======
2020-06-01T14:46:30 INFO: {
    "classifier": {
        "params": {
            "hidden_dim": 768,
            "in_dim": 2048,
            "num_layers": 2,
            "out_dim": 2
        },
        "type": "mlp"
    },
    "direct_features_input": false,
    "finetune_lr_multiplier": 1,
    "freeze_base": false,
    "losses": [
        {
            "type": "cross_entropy"
        }
    ],
    "modal_encoder": {
        "params": {
            "num_output_features": 1,
            "pool_type": "avg",
            "pretrained": true
        },
        "type": "resnet152"
    },
    "modal_hidden_size": 2048,
    "num_labels": 2
}
2020-06-01T14:46:30 INFO: Loading datasets
2020-06-01T14:46:41 INFO: CUDA Device 0 is: Tesla T4
2020-06-01T14:47:09 INFO: Torch version is: 1.5.0+cu101
2020-06-01T14:47:09 INFO: ===== Model =====
2020-06-01T14:47:09 INFO: UnimodalModal(
  (base): UnimodalBase(
    (encoder): ResNet152ImageEncoder(
      (model): Sequential(
        (0): Conv2d(3, 64, kernel_size=(7, 7), stride=(2, 2), padding=(3, 3), bias=False)
        (1): BatchNorm2d(64, eps=1e-05, momentum=0.1, affine=True, track_running_stats=True)
        (2): ReLU(inplace=True)
        (3): MaxPool2d(kernel_size=3, stride=2, padding=1, dilation=1, ceil_mode=False)
        (4): Sequential(
          (0): Bottleneck(
            (conv1): Conv2d(64, 64, kernel_size=(1, 1), stride=(1, 1), bias=False)
            (bn1): BatchNorm2d(64, eps=1e-05, momentum=0.1, affine=True, track_running_stats=True)
            (conv2): Conv2d(64, 64, kernel_size=(3, 3), stride=(1, 1), padding=(1, 1), bias=False)
            (bn2): BatchNorm2d(64, eps=1e-05, momentum=0.1, affine=True, track_running_stats=True)
            (conv3): Conv2d(64, 256, kernel_size=(1, 1), stride=(1, 1), bias=False)
            (bn3): BatchNorm2d(256, eps=1e-05, momentum=0.1, affine=True, track_running_stats=True)
            (relu): ReLU(inplace=True)
            (downsample): Sequential(
              (0): Conv2d(64, 256, kernel_size=(1, 1), stride=(1, 1), bias=False)
              (1): BatchNorm2d(256, eps=1e-05, momentum=0.1, affine=True, track_running_stats=True)
            )
          )
          (1): Bottleneck(
            (conv1): Conv2d(256, 64, kernel_size=(1, 1), stride=(1, 1), bias=False)
            (bn1): BatchNorm2d(64, eps=1e-05, momentum=0.1, affine=True, track_running_stats=True)
            (conv2): Conv2d(64, 64, kernel_size=(3, 3), stride=(1, 1), padding=(1, 1), bias=False)
            (bn2): BatchNorm2d(64, eps=1e-05, momentum=0.1, affine=True, track_running_stats=True)
            (conv3): Conv2d(64, 256, kernel_size=(1, 1), stride=(1, 1), bias=False)
            (bn3): BatchNorm2d(256, eps=1e-05, momentum=0.1, affine=True, track_running_stats=True)
            (relu): ReLU(inplace=True)
          )
          (2): Bottleneck(
            (conv1): Conv2d(256, 64, kernel_size=(1, 1), stride=(1, 1), bias=False)
            (bn1): BatchNorm2d(64, eps=1e-05, momentum=0.1, affine=True, track_running_stats=True)
            (conv2): Conv2d(64, 64, kernel_size=(3, 3), stride=(1, 1), padding=(1, 1), bias=False)
            (bn2): BatchNorm2d(64, eps=1e-05, momentum=0.1, affine=True, track_running_stats=True)
            (conv3): Conv2d(64, 256, kernel_size=(1, 1), stride=(1, 1), bias=False)
            (bn3): BatchNorm2d(256, eps=1e-05, momentum=0.1, affine=True, track_running_stats=True)
            (relu): ReLU(inplace=True)
          )
        )
        (5): Sequential(
          (0): Bottleneck(
            (conv1): Conv2d(256, 128, kernel_size=(1, 1), stride=(1, 1), bias=False)
            (bn1): BatchNorm2d(128, eps=1e-05, momentum=0.1, affine=True, track_running_stats=True)
            (conv2): Conv2d(128, 128, kernel_size=(3, 3), stride=(2, 2), padding=(1, 1), bias=False)
            (bn2): BatchNorm2d(128, eps=1e-05, momentum=0.1, affine=True, track_running_stats=True)
            (conv3): Conv2d(128, 512, kernel_size=(1, 1), stride=(1, 1), bias=False)
            (bn3): BatchNorm2d(512, eps=1e-05, momentum=0.1, affine=True, track_running_stats=True)
            (relu): ReLU(inplace=True)
            (downsample): Sequential(
              (0): Conv2d(256, 512, kernel_size=(1, 1), stride=(2, 2), bias=False)
              (1): BatchNorm2d(512, eps=1e-05, momentum=0.1, affine=True, track_running_stats=True)
            )
          )
          (1): Bottleneck(
            (conv1): Conv2d(512, 128, kernel_size=(1, 1), stride=(1, 1), bias=False)
            (bn1): BatchNorm2d(128, eps=1e-05, momentum=0.1, affine=True, track_running_stats=True)
            (conv2): Conv2d(128, 128, kernel_size=(3, 3), stride=(1, 1), padding=(1, 1), bias=False)
            (bn2): BatchNorm2d(128, eps=1e-05, momentum=0.1, affine=True, track_running_stats=True)
            (conv3): Conv2d(128, 512, kernel_size=(1, 1), stride=(1, 1), bias=False)
            (bn3): BatchNorm2d(512, eps=1e-05, momentum=0.1, affine=True, track_running_stats=True)
            (relu): ReLU(inplace=True)
          )
          (2): Bottleneck(
            (conv1): Conv2d(512, 128, kernel_size=(1, 1), stride=(1, 1), bias=False)
            (bn1): BatchNorm2d(128, eps=1e-05, momentum=0.1, affine=True, track_running_stats=True)
            (conv2): Conv2d(128, 128, kernel_size=(3, 3), stride=(1, 1), padding=(1, 1), bias=False)
            (bn2): BatchNorm2d(128, eps=1e-05, momentum=0.1, affine=True, track_running_stats=True)
            (conv3): Conv2d(128, 512, kernel_size=(1, 1), stride=(1, 1), bias=False)
            (bn3): BatchNorm2d(512, eps=1e-05, momentum=0.1, affine=True, track_running_stats=True)
            (relu): ReLU(inplace=True)
          )
          (3): Bottleneck(
            (conv1): Conv2d(512, 128, kernel_size=(1, 1), stride=(1, 1), bias=False)
            (bn1): BatchNorm2d(128, eps=1e-05, momentum=0.1, affine=True, track_running_stats=True)
            (conv2): Conv2d(128, 128, kernel_size=(3, 3), stride=(1, 1), padding=(1, 1), bias=False)
            (bn2): BatchNorm2d(128, eps=1e-05, momentum=0.1, affine=True, track_running_stats=True)
            (conv3): Conv2d(128, 512, kernel_size=(1, 1), stride=(1, 1), bias=False)
            (bn3): BatchNorm2d(512, eps=1e-05, momentum=0.1, affine=True, track_running_stats=True)
            (relu): ReLU(inplace=True)
          )
          (4): Bottleneck(
            (conv1): Conv2d(512, 128, kernel_size=(1, 1), stride=(1, 1), bias=False)
            (bn1): BatchNorm2d(128, eps=1e-05, momentum=0.1, affine=True, track_running_stats=True)
            (conv2): Conv2d(128, 128, kernel_size=(3, 3), stride=(1, 1), padding=(1, 1), bias=False)
            (bn2): BatchNorm2d(128, eps=1e-05, momentum=0.1, affine=True, track_running_stats=True)
            (conv3): Conv2d(128, 512, kernel_size=(1, 1), stride=(1, 1), bias=False)
            (bn3): BatchNorm2d(512, eps=1e-05, momentum=0.1, affine=True, track_running_stats=True)
            (relu): ReLU(inplace=True)
          )
          (5): Bottleneck(
            (conv1): Conv2d(512, 128, kernel_size=(1, 1), stride=(1, 1), bias=False)
            (bn1): BatchNorm2d(128, eps=1e-05, momentum=0.1, affine=True, track_running_stats=True)
            (conv2): Conv2d(128, 128, kernel_size=(3, 3), stride=(1, 1), padding=(1, 1), bias=False)
            (bn2): BatchNorm2d(128, eps=1e-05, momentum=0.1, affine=True, track_running_stats=True)
            (conv3): Conv2d(128, 512, kernel_size=(1, 1), stride=(1, 1), bias=False)
            (bn3): BatchNorm2d(512, eps=1e-05, momentum=0.1, affine=True, track_running_stats=True)
            (relu): ReLU(inplace=True)
          )
          (6): Bottleneck(
            (conv1): Conv2d(512, 128, kernel_size=(1, 1), stride=(1, 1), bias=False)
            (bn1): BatchNorm2d(128, eps=1e-05, momentum=0.1, affine=True, track_running_stats=True)
            (conv2): Conv2d(128, 128, kernel_size=(3, 3), stride=(1, 1), padding=(1, 1), bias=False)
            (bn2): BatchNorm2d(128, eps=1e-05, momentum=0.1, affine=True, track_running_stats=True)
            (conv3): Conv2d(128, 512, kernel_size=(1, 1), stride=(1, 1), bias=False)
            (bn3): BatchNorm2d(512, eps=1e-05, momentum=0.1, affine=True, track_running_stats=True)
            (relu): ReLU(inplace=True)
          )
          (7): Bottleneck(
            (conv1): Conv2d(512, 128, kernel_size=(1, 1), stride=(1, 1), bias=False)
            (bn1): BatchNorm2d(128, eps=1e-05, momentum=0.1, affine=True, track_running_stats=True)
            (conv2): Conv2d(128, 128, kernel_size=(3, 3), stride=(1, 1), padding=(1, 1), bias=False)
            (bn2): BatchNorm2d(128, eps=1e-05, momentum=0.1, affine=True, track_running_stats=True)
            (conv3): Conv2d(128, 512, kernel_size=(1, 1), stride=(1, 1), bias=False)
            (bn3): BatchNorm2d(512, eps=1e-05, momentum=0.1, affine=True, track_running_stats=True)
            (relu): ReLU(inplace=True)
          )
        )
        (6): Sequential(
          (0): Bottleneck(
            (conv1): Conv2d(512, 256, kernel_size=(1, 1), stride=(1, 1), bias=False)
            (bn1): BatchNorm2d(256, eps=1e-05, momentum=0.1, affine=True, track_running_stats=True)
            (conv2): Conv2d(256, 256, kernel_size=(3, 3), stride=(2, 2), padding=(1, 1), bias=False)
            (bn2): BatchNorm2d(256, eps=1e-05, momentum=0.1, affine=True, track_running_stats=True)
            (conv3): Conv2d(256, 1024, kernel_size=(1, 1), stride=(1, 1), bias=False)
            (bn3): BatchNorm2d(1024, eps=1e-05, momentum=0.1, affine=True, track_running_stats=True)
            (relu): ReLU(inplace=True)
            (downsample): Sequential(
              (0): Conv2d(512, 1024, kernel_size=(1, 1), stride=(2, 2), bias=False)
              (1): BatchNorm2d(1024, eps=1e-05, momentum=0.1, affine=True, track_running_stats=True)
            )
          )
          (1): Bottleneck(
            (conv1): Conv2d(1024, 256, kernel_size=(1, 1), stride=(1, 1), bias=False)
            (bn1): BatchNorm2d(256, eps=1e-05, momentum=0.1, affine=True, track_running_stats=True)
            (conv2): Conv2d(256, 256, kernel_size=(3, 3), stride=(1, 1), padding=(1, 1), bias=False)
            (bn2): BatchNorm2d(256, eps=1e-05, momentum=0.1, affine=True, track_running_stats=True)
            (conv3): Conv2d(256, 1024, kernel_size=(1, 1), stride=(1, 1), bias=False)
            (bn3): BatchNorm2d(1024, eps=1e-05, momentum=0.1, affine=True, track_running_stats=True)
            (relu): ReLU(inplace=True)
          )
          (2): Bottleneck(
            (conv1): Conv2d(1024, 256, kernel_size=(1, 1), stride=(1, 1), bias=False)
            (bn1): BatchNorm2d(256, eps=1e-05, momentum=0.1, affine=True, track_running_stats=True)
            (conv2): Conv2d(256, 256, kernel_size=(3, 3), stride=(1, 1), padding=(1, 1), bias=False)
            (bn2): BatchNorm2d(256, eps=1e-05, momentum=0.1, affine=True, track_running_stats=True)
            (conv3): Conv2d(256, 1024, kernel_size=(1, 1), stride=(1, 1), bias=False)
            (bn3): BatchNorm2d(1024, eps=1e-05, momentum=0.1, affine=True, track_running_stats=True)
            (relu): ReLU(inplace=True)
          )
          (3): Bottleneck(
            (conv1): Conv2d(1024, 256, kernel_size=(1, 1), stride=(1, 1), bias=False)
            (bn1): BatchNorm2d(256, eps=1e-05, momentum=0.1, affine=True, track_running_stats=True)
            (conv2): Conv2d(256, 256, kernel_size=(3, 3), stride=(1, 1), padding=(1, 1), bias=False)
            (bn2): BatchNorm2d(256, eps=1e-05, momentum=0.1, affine=True, track_running_stats=True)
            (conv3): Conv2d(256, 1024, kernel_size=(1, 1), stride=(1, 1), bias=False)
            (bn3): BatchNorm2d(1024, eps=1e-05, momentum=0.1, affine=True, track_running_stats=True)
            (relu): ReLU(inplace=True)
          )
          (4): Bottleneck(
            (conv1): Conv2d(1024, 256, kernel_size=(1, 1), stride=(1, 1), bias=False)
            (bn1): BatchNorm2d(256, eps=1e-05, momentum=0.1, affine=True, track_running_stats=True)
            (conv2): Conv2d(256, 256, kernel_size=(3, 3), stride=(1, 1), padding=(1, 1), bias=False)
            (bn2): BatchNorm2d(256, eps=1e-05, momentum=0.1, affine=True, track_running_stats=True)
            (conv3): Conv2d(256, 1024, kernel_size=(1, 1), stride=(1, 1), bias=False)
            (bn3): BatchNorm2d(1024, eps=1e-05, momentum=0.1, affine=True, track_running_stats=True)
            (relu): ReLU(inplace=True)
          )
          (5): Bottleneck(
            (conv1): Conv2d(1024, 256, kernel_size=(1, 1), stride=(1, 1), bias=False)
            (bn1): BatchNorm2d(256, eps=1e-05, momentum=0.1, affine=True, track_running_stats=True)
            (conv2): Conv2d(256, 256, kernel_size=(3, 3), stride=(1, 1), padding=(1, 1), bias=False)
            (bn2): BatchNorm2d(256, eps=1e-05, momentum=0.1, affine=True, track_running_stats=True)
            (conv3): Conv2d(256, 1024, kernel_size=(1, 1), stride=(1, 1), bias=False)
            (bn3): BatchNorm2d(1024, eps=1e-05, momentum=0.1, affine=True, track_running_stats=True)
            (relu): ReLU(inplace=True)
          )
          (6): Bottleneck(
            (conv1): Conv2d(1024, 256, kernel_size=(1, 1), stride=(1, 1), bias=False)
            (bn1): BatchNorm2d(256, eps=1e-05, momentum=0.1, affine=True, track_running_stats=True)
            (conv2): Conv2d(256, 256, kernel_size=(3, 3), stride=(1, 1), padding=(1, 1), bias=False)
            (bn2): BatchNorm2d(256, eps=1e-05, momentum=0.1, affine=True, track_running_stats=True)
            (conv3): Conv2d(256, 1024, kernel_size=(1, 1), stride=(1, 1), bias=False)
            (bn3): BatchNorm2d(1024, eps=1e-05, momentum=0.1, affine=True, track_running_stats=True)
            (relu): ReLU(inplace=True)
          )
          (7): Bottleneck(
            (conv1): Conv2d(1024, 256, kernel_size=(1, 1), stride=(1, 1), bias=False)
            (bn1): BatchNorm2d(256, eps=1e-05, momentum=0.1, affine=True, track_running_stats=True)
            (conv2): Conv2d(256, 256, kernel_size=(3, 3), stride=(1, 1), padding=(1, 1), bias=False)
            (bn2): BatchNorm2d(256, eps=1e-05, momentum=0.1, affine=True, track_running_stats=True)
            (conv3): Conv2d(256, 1024, kernel_size=(1, 1), stride=(1, 1), bias=False)
            (bn3): BatchNorm2d(1024, eps=1e-05, momentum=0.1, affine=True, track_running_stats=True)
            (relu): ReLU(inplace=True)
          )
          (8): Bottleneck(
            (conv1): Conv2d(1024, 256, kernel_size=(1, 1), stride=(1, 1), bias=False)
            (bn1): BatchNorm2d(256, eps=1e-05, momentum=0.1, affine=True, track_running_stats=True)
            (conv2): Conv2d(256, 256, kernel_size=(3, 3), stride=(1, 1), padding=(1, 1), bias=False)
            (bn2): BatchNorm2d(256, eps=1e-05, momentum=0.1, affine=True, track_running_stats=True)
            (conv3): Conv2d(256, 1024, kernel_size=(1, 1), stride=(1, 1), bias=False)
            (bn3): BatchNorm2d(1024, eps=1e-05, momentum=0.1, affine=True, track_running_stats=True)
            (relu): ReLU(inplace=True)
          )
          (9): Bottleneck(
            (conv1): Conv2d(1024, 256, kernel_size=(1, 1), stride=(1, 1), bias=False)
            (bn1): BatchNorm2d(256, eps=1e-05, momentum=0.1, affine=True, track_running_stats=True)
            (conv2): Conv2d(256, 256, kernel_size=(3, 3), stride=(1, 1), padding=(1, 1), bias=False)
            (bn2): BatchNorm2d(256, eps=1e-05, momentum=0.1, affine=True, track_running_stats=True)
            (conv3): Conv2d(256, 1024, kernel_size=(1, 1), stride=(1, 1), bias=False)
            (bn3): BatchNorm2d(1024, eps=1e-05, momentum=0.1, affine=True, track_running_stats=True)
            (relu): ReLU(inplace=True)
          )
          (10): Bottleneck(
            (conv1): Conv2d(1024, 256, kernel_size=(1, 1), stride=(1, 1), bias=False)
            (bn1): BatchNorm2d(256, eps=1e-05, momentum=0.1, affine=True, track_running_stats=True)
            (conv2): Conv2d(256, 256, kernel_size=(3, 3), stride=(1, 1), padding=(1, 1), bias=False)
            (bn2): BatchNorm2d(256, eps=1e-05, momentum=0.1, affine=True, track_running_stats=True)
            (conv3): Conv2d(256, 1024, kernel_size=(1, 1), stride=(1, 1), bias=False)
            (bn3): BatchNorm2d(1024, eps=1e-05, momentum=0.1, affine=True, track_running_stats=True)
            (relu): ReLU(inplace=True)
          )
          (11): Bottleneck(
            (conv1): Conv2d(1024, 256, kernel_size=(1, 1), stride=(1, 1), bias=False)
            (bn1): BatchNorm2d(256, eps=1e-05, momentum=0.1, affine=True, track_running_stats=True)
            (conv2): Conv2d(256, 256, kernel_size=(3, 3), stride=(1, 1), padding=(1, 1), bias=False)
            (bn2): BatchNorm2d(256, eps=1e-05, momentum=0.1, affine=True, track_running_stats=True)
            (conv3): Conv2d(256, 1024, kernel_size=(1, 1), stride=(1, 1), bias=False)
            (bn3): BatchNorm2d(1024, eps=1e-05, momentum=0.1, affine=True, track_running_stats=True)
            (relu): ReLU(inplace=True)
          )
          (12): Bottleneck(
            (conv1): Conv2d(1024, 256, kernel_size=(1, 1), stride=(1, 1), bias=False)
            (bn1): BatchNorm2d(256, eps=1e-05, momentum=0.1, affine=True, track_running_stats=True)
            (conv2): Conv2d(256, 256, kernel_size=(3, 3), stride=(1, 1), padding=(1, 1), bias=False)
            (bn2): BatchNorm2d(256, eps=1e-05, momentum=0.1, affine=True, track_running_stats=True)
            (conv3): Conv2d(256, 1024, kernel_size=(1, 1), stride=(1, 1), bias=False)
            (bn3): BatchNorm2d(1024, eps=1e-05, momentum=0.1, affine=True, track_running_stats=True)
            (relu): ReLU(inplace=True)
          )
          (13): Bottleneck(
            (conv1): Conv2d(1024, 256, kernel_size=(1, 1), stride=(1, 1), bias=False)
            (bn1): BatchNorm2d(256, eps=1e-05, momentum=0.1, affine=True, track_running_stats=True)
            (conv2): Conv2d(256, 256, kernel_size=(3, 3), stride=(1, 1), padding=(1, 1), bias=False)
            (bn2): BatchNorm2d(256, eps=1e-05, momentum=0.1, affine=True, track_running_stats=True)
            (conv3): Conv2d(256, 1024, kernel_size=(1, 1), stride=(1, 1), bias=False)
            (bn3): BatchNorm2d(1024, eps=1e-05, momentum=0.1, affine=True, track_running_stats=True)
            (relu): ReLU(inplace=True)
          )
          (14): Bottleneck(
            (conv1): Conv2d(1024, 256, kernel_size=(1, 1), stride=(1, 1), bias=False)
            (bn1): BatchNorm2d(256, eps=1e-05, momentum=0.1, affine=True, track_running_stats=True)
            (conv2): Conv2d(256, 256, kernel_size=(3, 3), stride=(1, 1), padding=(1, 1), bias=False)
            (bn2): BatchNorm2d(256, eps=1e-05, momentum=0.1, affine=True, track_running_stats=True)
            (conv3): Conv2d(256, 1024, kernel_size=(1, 1), stride=(1, 1), bias=False)
            (bn3): BatchNorm2d(1024, eps=1e-05, momentum=0.1, affine=True, track_running_stats=True)
            (relu): ReLU(inplace=True)
          )
          (15): Bottleneck(
            (conv1): Conv2d(1024, 256, kernel_size=(1, 1), stride=(1, 1), bias=False)
            (bn1): BatchNorm2d(256, eps=1e-05, momentum=0.1, affine=True, track_running_stats=True)
            (conv2): Conv2d(256, 256, kernel_size=(3, 3), stride=(1, 1), padding=(1, 1), bias=False)
            (bn2): BatchNorm2d(256, eps=1e-05, momentum=0.1, affine=True, track_running_stats=True)
            (conv3): Conv2d(256, 1024, kernel_size=(1, 1), stride=(1, 1), bias=False)
            (bn3): BatchNorm2d(1024, eps=1e-05, momentum=0.1, affine=True, track_running_stats=True)
            (relu): ReLU(inplace=True)
          )
          (16): Bottleneck(
            (conv1): Conv2d(1024, 256, kernel_size=(1, 1), stride=(1, 1), bias=False)
            (bn1): BatchNorm2d(256, eps=1e-05, momentum=0.1, affine=True, track_running_stats=True)
            (conv2): Conv2d(256, 256, kernel_size=(3, 3), stride=(1, 1), padding=(1, 1), bias=False)
            (bn2): BatchNorm2d(256, eps=1e-05, momentum=0.1, affine=True, track_running_stats=True)
            (conv3): Conv2d(256, 1024, kernel_size=(1, 1), stride=(1, 1), bias=False)
            (bn3): BatchNorm2d(1024, eps=1e-05, momentum=0.1, affine=True, track_running_stats=True)
            (relu): ReLU(inplace=True)
          )
          (17): Bottleneck(
            (conv1): Conv2d(1024, 256, kernel_size=(1, 1), stride=(1, 1), bias=False)
            (bn1): BatchNorm2d(256, eps=1e-05, momentum=0.1, affine=True, track_running_stats=True)
            (conv2): Conv2d(256, 256, kernel_size=(3, 3), stride=(1, 1), padding=(1, 1), bias=False)
            (bn2): BatchNorm2d(256, eps=1e-05, momentum=0.1, affine=True, track_running_stats=True)
            (conv3): Conv2d(256, 1024, kernel_size=(1, 1), stride=(1, 1), bias=False)
            (bn3): BatchNorm2d(1024, eps=1e-05, momentum=0.1, affine=True, track_running_stats=True)
            (relu): ReLU(inplace=True)
          )
          (18): Bottleneck(
            (conv1): Conv2d(1024, 256, kernel_size=(1, 1), stride=(1, 1), bias=False)
            (bn1): BatchNorm2d(256, eps=1e-05, momentum=0.1, affine=True, track_running_stats=True)
            (conv2): Conv2d(256, 256, kernel_size=(3, 3), stride=(1, 1), padding=(1, 1), bias=False)
            (bn2): BatchNorm2d(256, eps=1e-05, momentum=0.1, affine=True, track_running_stats=True)
            (conv3): Conv2d(256, 1024, kernel_size=(1, 1), stride=(1, 1), bias=False)
            (bn3): BatchNorm2d(1024, eps=1e-05, momentum=0.1, affine=True, track_running_stats=True)
            (relu): ReLU(inplace=True)
          )
          (19): Bottleneck(
            (conv1): Conv2d(1024, 256, kernel_size=(1, 1), stride=(1, 1), bias=False)
            (bn1): BatchNorm2d(256, eps=1e-05, momentum=0.1, affine=True, track_running_stats=True)
            (conv2): Conv2d(256, 256, kernel_size=(3, 3), stride=(1, 1), padding=(1, 1), bias=False)
            (bn2): BatchNorm2d(256, eps=1e-05, momentum=0.1, affine=True, track_running_stats=True)
            (conv3): Conv2d(256, 1024, kernel_size=(1, 1), stride=(1, 1), bias=False)
            (bn3): BatchNorm2d(1024, eps=1e-05, momentum=0.1, affine=True, track_running_stats=True)
            (relu): ReLU(inplace=True)
          )
          (20): Bottleneck(
            (conv1): Conv2d(1024, 256, kernel_size=(1, 1), stride=(1, 1), bias=False)
            (bn1): BatchNorm2d(256, eps=1e-05, momentum=0.1, affine=True, track_running_stats=True)
            (conv2): Conv2d(256, 256, kernel_size=(3, 3), stride=(1, 1), padding=(1, 1), bias=False)
            (bn2): BatchNorm2d(256, eps=1e-05, momentum=0.1, affine=True, track_running_stats=True)
            (conv3): Conv2d(256, 1024, kernel_size=(1, 1), stride=(1, 1), bias=False)
            (bn3): BatchNorm2d(1024, eps=1e-05, momentum=0.1, affine=True, track_running_stats=True)
            (relu): ReLU(inplace=True)
          )
          (21): Bottleneck(
            (conv1): Conv2d(1024, 256, kernel_size=(1, 1), stride=(1, 1), bias=False)
            (bn1): BatchNorm2d(256, eps=1e-05, momentum=0.1, affine=True, track_running_stats=True)
            (conv2): Conv2d(256, 256, kernel_size=(3, 3), stride=(1, 1), padding=(1, 1), bias=False)
            (bn2): BatchNorm2d(256, eps=1e-05, momentum=0.1, affine=True, track_running_stats=True)
            (conv3): Conv2d(256, 1024, kernel_size=(1, 1), stride=(1, 1), bias=False)
            (bn3): BatchNorm2d(1024, eps=1e-05, momentum=0.1, affine=True, track_running_stats=True)
            (relu): ReLU(inplace=True)
          )
          (22): Bottleneck(
            (conv1): Conv2d(1024, 256, kernel_size=(1, 1), stride=(1, 1), bias=False)
            (bn1): BatchNorm2d(256, eps=1e-05, momentum=0.1, affine=True, track_running_stats=True)
            (conv2): Conv2d(256, 256, kernel_size=(3, 3), stride=(1, 1), padding=(1, 1), bias=False)
            (bn2): BatchNorm2d(256, eps=1e-05, momentum=0.1, affine=True, track_running_stats=True)
            (conv3): Conv2d(256, 1024, kernel_size=(1, 1), stride=(1, 1), bias=False)
            (bn3): BatchNorm2d(1024, eps=1e-05, momentum=0.1, affine=True, track_running_stats=True)
            (relu): ReLU(inplace=True)
          )
          (23): Bottleneck(
            (conv1): Conv2d(1024, 256, kernel_size=(1, 1), stride=(1, 1), bias=False)
            (bn1): BatchNorm2d(256, eps=1e-05, momentum=0.1, affine=True, track_running_stats=True)
            (conv2): Conv2d(256, 256, kernel_size=(3, 3), stride=(1, 1), padding=(1, 1), bias=False)
            (bn2): BatchNorm2d(256, eps=1e-05, momentum=0.1, affine=True, track_running_stats=True)
            (conv3): Conv2d(256, 1024, kernel_size=(1, 1), stride=(1, 1), bias=False)
            (bn3): BatchNorm2d(1024, eps=1e-05, momentum=0.1, affine=True, track_running_stats=True)
            (relu): ReLU(inplace=True)
          )
          (24): Bottleneck(
            (conv1): Conv2d(1024, 256, kernel_size=(1, 1), stride=(1, 1), bias=False)
            (bn1): BatchNorm2d(256, eps=1e-05, momentum=0.1, affine=True, track_running_stats=True)
            (conv2): Conv2d(256, 256, kernel_size=(3, 3), stride=(1, 1), padding=(1, 1), bias=False)
            (bn2): BatchNorm2d(256, eps=1e-05, momentum=0.1, affine=True, track_running_stats=True)
            (conv3): Conv2d(256, 1024, kernel_size=(1, 1), stride=(1, 1), bias=False)
            (bn3): BatchNorm2d(1024, eps=1e-05, momentum=0.1, affine=True, track_running_stats=True)
            (relu): ReLU(inplace=True)
          )
          (25): Bottleneck(
            (conv1): Conv2d(1024, 256, kernel_size=(1, 1), stride=(1, 1), bias=False)
            (bn1): BatchNorm2d(256, eps=1e-05, momentum=0.1, affine=True, track_running_stats=True)
            (conv2): Conv2d(256, 256, kernel_size=(3, 3), stride=(1, 1), padding=(1, 1), bias=False)
            (bn2): BatchNorm2d(256, eps=1e-05, momentum=0.1, affine=True, track_running_stats=True)
            (conv3): Conv2d(256, 1024, kernel_size=(1, 1), stride=(1, 1), bias=False)
            (bn3): BatchNorm2d(1024, eps=1e-05, momentum=0.1, affine=True, track_running_stats=True)
            (relu): ReLU(inplace=True)
          )
          (26): Bottleneck(
            (conv1): Conv2d(1024, 256, kernel_size=(1, 1), stride=(1, 1), bias=False)
            (bn1): BatchNorm2d(256, eps=1e-05, momentum=0.1, affine=True, track_running_stats=True)
            (conv2): Conv2d(256, 256, kernel_size=(3, 3), stride=(1, 1), padding=(1, 1), bias=False)
            (bn2): BatchNorm2d(256, eps=1e-05, momentum=0.1, affine=True, track_running_stats=True)
            (conv3): Conv2d(256, 1024, kernel_size=(1, 1), stride=(1, 1), bias=False)
            (bn3): BatchNorm2d(1024, eps=1e-05, momentum=0.1, affine=True, track_running_stats=True)
            (relu): ReLU(inplace=True)
          )
          (27): Bottleneck(
            (conv1): Conv2d(1024, 256, kernel_size=(1, 1), stride=(1, 1), bias=False)
            (bn1): BatchNorm2d(256, eps=1e-05, momentum=0.1, affine=True, track_running_stats=True)
            (conv2): Conv2d(256, 256, kernel_size=(3, 3), stride=(1, 1), padding=(1, 1), bias=False)
            (bn2): BatchNorm2d(256, eps=1e-05, momentum=0.1, affine=True, track_running_stats=True)
            (conv3): Conv2d(256, 1024, kernel_size=(1, 1), stride=(1, 1), bias=False)
            (bn3): BatchNorm2d(1024, eps=1e-05, momentum=0.1, affine=True, track_running_stats=True)
            (relu): ReLU(inplace=True)
          )
          (28): Bottleneck(
            (conv1): Conv2d(1024, 256, kernel_size=(1, 1), stride=(1, 1), bias=False)
            (bn1): BatchNorm2d(256, eps=1e-05, momentum=0.1, affine=True, track_running_stats=True)
            (conv2): Conv2d(256, 256, kernel_size=(3, 3), stride=(1, 1), padding=(1, 1), bias=False)
            (bn2): BatchNorm2d(256, eps=1e-05, momentum=0.1, affine=True, track_running_stats=True)
            (conv3): Conv2d(256, 1024, kernel_size=(1, 1), stride=(1, 1), bias=False)
            (bn3): BatchNorm2d(1024, eps=1e-05, momentum=0.1, affine=True, track_running_stats=True)
            (relu): ReLU(inplace=True)
          )
          (29): Bottleneck(
            (conv1): Conv2d(1024, 256, kernel_size=(1, 1), stride=(1, 1), bias=False)
            (bn1): BatchNorm2d(256, eps=1e-05, momentum=0.1, affine=True, track_running_stats=True)
            (conv2): Conv2d(256, 256, kernel_size=(3, 3), stride=(1, 1), padding=(1, 1), bias=False)
            (bn2): BatchNorm2d(256, eps=1e-05, momentum=0.1, affine=True, track_running_stats=True)
            (conv3): Conv2d(256, 1024, kernel_size=(1, 1), stride=(1, 1), bias=False)
            (bn3): BatchNorm2d(1024, eps=1e-05, momentum=0.1, affine=True, track_running_stats=True)
            (relu): ReLU(inplace=True)
          )
          (30): Bottleneck(
            (conv1): Conv2d(1024, 256, kernel_size=(1, 1), stride=(1, 1), bias=False)
            (bn1): BatchNorm2d(256, eps=1e-05, momentum=0.1, affine=True, track_running_stats=True)
            (conv2): Conv2d(256, 256, kernel_size=(3, 3), stride=(1, 1), padding=(1, 1), bias=False)
            (bn2): BatchNorm2d(256, eps=1e-05, momentum=0.1, affine=True, track_running_stats=True)
            (conv3): Conv2d(256, 1024, kernel_size=(1, 1), stride=(1, 1), bias=False)
            (bn3): BatchNorm2d(1024, eps=1e-05, momentum=0.1, affine=True, track_running_stats=True)
            (relu): ReLU(inplace=True)
          )
          (31): Bottleneck(
            (conv1): Conv2d(1024, 256, kernel_size=(1, 1), stride=(1, 1), bias=False)
            (bn1): BatchNorm2d(256, eps=1e-05, momentum=0.1, affine=True, track_running_stats=True)
            (conv2): Conv2d(256, 256, kernel_size=(3, 3), stride=(1, 1), padding=(1, 1), bias=False)
            (bn2): BatchNorm2d(256, eps=1e-05, momentum=0.1, affine=True, track_running_stats=True)
            (conv3): Conv2d(256, 1024, kernel_size=(1, 1), stride=(1, 1), bias=False)
            (bn3): BatchNorm2d(1024, eps=1e-05, momentum=0.1, affine=True, track_running_stats=True)
            (relu): ReLU(inplace=True)
          )
          (32): Bottleneck(
            (conv1): Conv2d(1024, 256, kernel_size=(1, 1), stride=(1, 1), bias=False)
            (bn1): BatchNorm2d(256, eps=1e-05, momentum=0.1, affine=True, track_running_stats=True)
            (conv2): Conv2d(256, 256, kernel_size=(3, 3), stride=(1, 1), padding=(1, 1), bias=False)
            (bn2): BatchNorm2d(256, eps=1e-05, momentum=0.1, affine=True, track_running_stats=True)
            (conv3): Conv2d(256, 1024, kernel_size=(1, 1), stride=(1, 1), bias=False)
            (bn3): BatchNorm2d(1024, eps=1e-05, momentum=0.1, affine=True, track_running_stats=True)
            (relu): ReLU(inplace=True)
          )
          (33): Bottleneck(
            (conv1): Conv2d(1024, 256, kernel_size=(1, 1), stride=(1, 1), bias=False)
            (bn1): BatchNorm2d(256, eps=1e-05, momentum=0.1, affine=True, track_running_stats=True)
            (conv2): Conv2d(256, 256, kernel_size=(3, 3), stride=(1, 1), padding=(1, 1), bias=False)
            (bn2): BatchNorm2d(256, eps=1e-05, momentum=0.1, affine=True, track_running_stats=True)
            (conv3): Conv2d(256, 1024, kernel_size=(1, 1), stride=(1, 1), bias=False)
            (bn3): BatchNorm2d(1024, eps=1e-05, momentum=0.1, affine=True, track_running_stats=True)
            (relu): ReLU(inplace=True)
          )
          (34): Bottleneck(
            (conv1): Conv2d(1024, 256, kernel_size=(1, 1), stride=(1, 1), bias=False)
            (bn1): BatchNorm2d(256, eps=1e-05, momentum=0.1, affine=True, track_running_stats=True)
            (conv2): Conv2d(256, 256, kernel_size=(3, 3), stride=(1, 1), padding=(1, 1), bias=False)
            (bn2): BatchNorm2d(256, eps=1e-05, momentum=0.1, affine=True, track_running_stats=True)
            (conv3): Conv2d(256, 1024, kernel_size=(1, 1), stride=(1, 1), bias=False)
            (bn3): BatchNorm2d(1024, eps=1e-05, momentum=0.1, affine=True, track_running_stats=True)
            (relu): ReLU(inplace=True)
          )
          (35): Bottleneck(
            (conv1): Conv2d(1024, 256, kernel_size=(1, 1), stride=(1, 1), bias=False)
            (bn1): BatchNorm2d(256, eps=1e-05, momentum=0.1, affine=True, track_running_stats=True)
            (conv2): Conv2d(256, 256, kernel_size=(3, 3), stride=(1, 1), padding=(1, 1), bias=False)
            (bn2): BatchNorm2d(256, eps=1e-05, momentum=0.1, affine=True, track_running_stats=True)
            (conv3): Conv2d(256, 1024, kernel_size=(1, 1), stride=(1, 1), bias=False)
            (bn3): BatchNorm2d(1024, eps=1e-05, momentum=0.1, affine=True, track_running_stats=True)
            (relu): ReLU(inplace=True)
          )
        )
        (7): Sequential(
          (0): Bottleneck(
            (conv1): Conv2d(1024, 512, kernel_size=(1, 1), stride=(1, 1), bias=False)
            (bn1): BatchNorm2d(512, eps=1e-05, momentum=0.1, affine=True, track_running_stats=True)
            (conv2): Conv2d(512, 512, kernel_size=(3, 3), stride=(2, 2), padding=(1, 1), bias=False)
            (bn2): BatchNorm2d(512, eps=1e-05, momentum=0.1, affine=True, track_running_stats=True)
            (conv3): Conv2d(512, 2048, kernel_size=(1, 1), stride=(1, 1), bias=False)
            (bn3): BatchNorm2d(2048, eps=1e-05, momentum=0.1, affine=True, track_running_stats=True)
            (relu): ReLU(inplace=True)
            (downsample): Sequential(
              (0): Conv2d(1024, 2048, kernel_size=(1, 1), stride=(2, 2), bias=False)
              (1): BatchNorm2d(2048, eps=1e-05, momentum=0.1, affine=True, track_running_stats=True)
            )
          )
          (1): Bottleneck(
            (conv1): Conv2d(2048, 512, kernel_size=(1, 1), stride=(1, 1), bias=False)
            (bn1): BatchNorm2d(512, eps=1e-05, momentum=0.1, affine=True, track_running_stats=True)
            (conv2): Conv2d(512, 512, kernel_size=(3, 3), stride=(1, 1), padding=(1, 1), bias=False)
            (bn2): BatchNorm2d(512, eps=1e-05, momentum=0.1, affine=True, track_running_stats=True)
            (conv3): Conv2d(512, 2048, kernel_size=(1, 1), stride=(1, 1), bias=False)
            (bn3): BatchNorm2d(2048, eps=1e-05, momentum=0.1, affine=True, track_running_stats=True)
            (relu): ReLU(inplace=True)
          )
          (2): Bottleneck(
            (conv1): Conv2d(2048, 512, kernel_size=(1, 1), stride=(1, 1), bias=False)
            (bn1): BatchNorm2d(512, eps=1e-05, momentum=0.1, affine=True, track_running_stats=True)
            (conv2): Conv2d(512, 512, kernel_size=(3, 3), stride=(1, 1), padding=(1, 1), bias=False)
            (bn2): BatchNorm2d(512, eps=1e-05, momentum=0.1, affine=True, track_running_stats=True)
            (conv3): Conv2d(512, 2048, kernel_size=(1, 1), stride=(1, 1), bias=False)
            (bn3): BatchNorm2d(2048, eps=1e-05, momentum=0.1, affine=True, track_running_stats=True)
            (relu): ReLU(inplace=True)
          )
        )
      )
      (pool): AdaptiveAvgPool2d(output_size=(1, 1))
    )
  )
  (classifier): MLPClassifer(
    (layers): ModuleList(
      (0): Linear(in_features=2048, out_features=768, bias=True)
      (1): BatchNorm1d(768, eps=1e-05, momentum=0.1, affine=True, track_running_stats=True)
      (2): ReLU()
      (3): Dropout(p=0.5, inplace=False)
      (4): Linear(in_features=768, out_features=768, bias=True)
      (5): BatchNorm1d(768, eps=1e-05, momentum=0.1, affine=True, track_running_stats=True)
      (6): ReLU()
      (7): Dropout(p=0.5, inplace=False)
      (8): Linear(in_features=768, out_features=2, bias=True)
    )
  )
  (losses): Losses()
)
2020-06-01T14:47:09 INFO: Total Parameters: 60312642. Trained Parameters: 60312642
2020-06-01T14:47:09 INFO: Starting training...
2020-06-01T14:47:14 WARNING: /pytorch/torch/csrc/utils/python_arg_parser.cpp:756: UserWarning: This overload of add_ is deprecated:
	add_(Number alpha, Tensor other)
Consider using one of the following signatures instead:
	add_(Tensor other, *, Number alpha)

2020-06-01T14:47:14 WARNING: /opt/conda/lib/python3.7/site-packages/torch/optim/lr_scheduler.py:143: UserWarning: The epoch parameter in `scheduler.step()` was not necessary and is being deprecated where possible. Please use `scheduler.step()` to step the scheduler. During the deprecation, if epoch is different from None, the closed form is used instead of the new chainable form, where available. Please open an issue if you are unable to replicate your use case: https://github.com/pytorch/pytorch/issues/new/choose.
  warnings.warn(EPOCH_DEPRECATION_WARNING, UserWarning)

2020-06-01T14:48:58 INFO: {"progress": "100/1000", "train/total_loss": "0.7806", "train/total_loss/avg": "0.7806", "train/hateful_memes/cross_entropy": "0.7806", "train/hateful_memes/cross_entropy/avg": "0.7806", "train/hateful_memes/accuracy": "0.5000", "train/hateful_memes/accuracy/avg": "0.5000", "train/hateful_memes/binary_f1": "0.5000", "train/hateful_memes/binary_f1/avg": "0.5000", "train/hateful_memes/roc_auc": "0.5451", "train/hateful_memes/roc_auc/avg": "0.5451", "max mem": 6412.0, "experiment": "run", "epoch": 1, "num_updates": 100, "iterations": 100, "max_updates": 1000, "lr": "0.", "ups": "0.93", "time": "01m 48s 890ms", "time_since_start": "02m 27s 701ms", "eta": "16m 20s 013ms"}
2020-06-01T14:48:59 WARNING: /opt/conda/lib/python3.7/site-packages/torch/optim/lr_scheduler.py:143: UserWarning: The epoch parameter in `scheduler.step()` was not necessary and is being deprecated where possible. Please use `scheduler.step()` to step the scheduler. During the deprecation, if epoch is different from None, the closed form is used instead of the new chainable form, where available. Please open an issue if you are unable to replicate your use case: https://github.com/pytorch/pytorch/issues/new/choose.
  warnings.warn(EPOCH_DEPRECATION_WARNING, UserWarning)

2020-06-01T14:50:43 INFO: {"progress": "200/1000", "train/total_loss": "0.7806", "train/total_loss/avg": "0.8072", "train/hateful_memes/cross_entropy": "0.7806", "train/hateful_memes/cross_entropy/avg": "0.8072", "train/hateful_memes/accuracy": "0.5000", "train/hateful_memes/accuracy/avg": "0.5000", "train/hateful_memes/binary_f1": "0.4667", "train/hateful_memes/binary_f1/avg": "0.4833", "train/hateful_memes/roc_auc": "0.4955", "train/hateful_memes/roc_auc/avg": "0.5203", "max mem": 6412.0, "experiment": "run", "epoch": 1, "num_updates": 200, "iterations": 200, "max_updates": 1000, "lr": "0.", "ups": "0.95", "time": "01m 45s 520ms", "time_since_start": "04m 13s 222ms", "eta": "14m 04s 167ms"}
2020-06-01T14:50:44 WARNING: /opt/conda/lib/python3.7/site-packages/torch/optim/lr_scheduler.py:143: UserWarning: The epoch parameter in `scheduler.step()` was not necessary and is being deprecated where possible. Please use `scheduler.step()` to step the scheduler. During the deprecation, if epoch is different from None, the closed form is used instead of the new chainable form, where available. Please open an issue if you are unable to replicate your use case: https://github.com/pytorch/pytorch/issues/new/choose.
  warnings.warn(EPOCH_DEPRECATION_WARNING, UserWarning)

2020-06-01T14:52:30 INFO: {"progress": "300/1000", "train/total_loss": "0.8337", "train/total_loss/avg": "0.8343", "train/hateful_memes/cross_entropy": "0.8337", "train/hateful_memes/cross_entropy/avg": "0.8343", "train/hateful_memes/accuracy": "0.5000", "train/hateful_memes/accuracy/avg": "0.4688", "train/hateful_memes/binary_f1": "0.4667", "train/hateful_memes/binary_f1/avg": "0.3802", "train/hateful_memes/roc_auc": "0.4955", "train/hateful_memes/roc_auc/avg": "0.4840", "max mem": 6412.0, "experiment": "run", "epoch": 2, "num_updates": 300, "iterations": 300, "max_updates": 1000, "lr": "0.", "ups": "0.94", "time": "01m 46s 123ms", "time_since_start": "05m 59s 345ms", "eta": "12m 22s 866ms"}
2020-06-01T14:52:31 WARNING: /opt/conda/lib/python3.7/site-packages/torch/optim/lr_scheduler.py:143: UserWarning: The epoch parameter in `scheduler.step()` was not necessary and is being deprecated where possible. Please use `scheduler.step()` to step the scheduler. During the deprecation, if epoch is different from None, the closed form is used instead of the new chainable form, where available. Please open an issue if you are unable to replicate your use case: https://github.com/pytorch/pytorch/issues/new/choose.
  warnings.warn(EPOCH_DEPRECATION_WARNING, UserWarning)

2020-06-01T14:54:14 INFO: {"progress": "400/1000", "train/total_loss": "0.8038", "train/total_loss/avg": "0.8266", "train/hateful_memes/cross_entropy": "0.8038", "train/hateful_memes/cross_entropy/avg": "0.8266", "train/hateful_memes/accuracy": "0.4062", "train/hateful_memes/accuracy/avg": "0.4297", "train/hateful_memes/binary_f1": "0.2143", "train/hateful_memes/binary_f1/avg": "0.3387", "train/hateful_memes/roc_auc": "0.4114", "train/hateful_memes/roc_auc/avg": "0.4608", "max mem": 6412.0, "experiment": "run", "epoch": 2, "num_updates": 400, "iterations": 400, "max_updates": 1000, "lr": "0.", "ups": "0.96", "time": "01m 44s 915ms", "time_since_start": "07m 44s 261ms", "eta": "10m 29s 494ms"}
2020-06-01T14:54:16 WARNING: /opt/conda/lib/python3.7/site-packages/torch/optim/lr_scheduler.py:143: UserWarning: The epoch parameter in `scheduler.step()` was not necessary and is being deprecated where possible. Please use `scheduler.step()` to step the scheduler. During the deprecation, if epoch is different from None, the closed form is used instead of the new chainable form, where available. Please open an issue if you are unable to replicate your use case: https://github.com/pytorch/pytorch/issues/new/choose.
  warnings.warn(EPOCH_DEPRECATION_WARNING, UserWarning)

2020-06-01T14:56:00 INFO: {"progress": "500/1000", "train/total_loss": "0.8038", "train/total_loss/avg": "0.7990", "train/hateful_memes/cross_entropy": "0.8038", "train/hateful_memes/cross_entropy/avg": "0.7990", "train/hateful_memes/accuracy": "0.5000", "train/hateful_memes/accuracy/avg": "0.4500", "train/hateful_memes/binary_f1": "0.4444", "train/hateful_memes/binary_f1/avg": "0.3599", "train/hateful_memes/roc_auc": "0.4955", "train/hateful_memes/roc_auc/avg": "0.4873", "max mem": 6412.0, "experiment": "run", "epoch": 2, "num_updates": 500, "iterations": 500, "max_updates": 1000, "lr": "0.", "ups": "0.95", "time": "01m 45s 089ms", "time_since_start": "09m 29s 351ms", "eta": "08m 45s 448ms"}
2020-06-01T14:56:01 WARNING: /opt/conda/lib/python3.7/site-packages/torch/optim/lr_scheduler.py:143: UserWarning: The epoch parameter in `scheduler.step()` was not necessary and is being deprecated where possible. Please use `scheduler.step()` to step the scheduler. During the deprecation, if epoch is different from None, the closed form is used instead of the new chainable form, where available. Please open an issue if you are unable to replicate your use case: https://github.com/pytorch/pytorch/issues/new/choose.
  warnings.warn(EPOCH_DEPRECATION_WARNING, UserWarning)

2020-06-01T14:57:45 INFO: {"progress": "600/1000", "train/total_loss": "0.7806", "train/total_loss/avg": "0.7716", "train/hateful_memes/cross_entropy": "0.7806", "train/hateful_memes/cross_entropy/avg": "0.7716", "train/hateful_memes/accuracy": "0.5000", "train/hateful_memes/accuracy/avg": "0.4896", "train/hateful_memes/binary_f1": "0.4444", "train/hateful_memes/binary_f1/avg": "0.4024", "train/hateful_memes/roc_auc": "0.4955", "train/hateful_memes/roc_auc/avg": "0.5192", "max mem": 6412.0, "experiment": "run", "epoch": 3, "num_updates": 600, "iterations": 600, "max_updates": 1000, "lr": "0.", "ups": "0.95", "time": "01m 45s 661ms", "time_since_start": "11m 15s 012ms", "eta": "07m 02s 644ms"}
2020-06-01T14:57:46 WARNING: /opt/conda/lib/python3.7/site-packages/torch/optim/lr_scheduler.py:143: UserWarning: The epoch parameter in `scheduler.step()` was not necessary and is being deprecated where possible. Please use `scheduler.step()` to step the scheduler. During the deprecation, if epoch is different from None, the closed form is used instead of the new chainable form, where available. Please open an issue if you are unable to replicate your use case: https://github.com/pytorch/pytorch/issues/new/choose.
  warnings.warn(EPOCH_DEPRECATION_WARNING, UserWarning)

2020-06-01T14:59:30 INFO: {"progress": "700/1000", "train/total_loss": "0.7806", "train/total_loss/avg": "0.7651", "train/hateful_memes/cross_entropy": "0.7806", "train/hateful_memes/cross_entropy/avg": "0.7651", "train/hateful_memes/accuracy": "0.5000", "train/hateful_memes/accuracy/avg": "0.5000", "train/hateful_memes/binary_f1": "0.4615", "train/hateful_memes/binary_f1/avg": "0.4109", "train/hateful_memes/roc_auc": "0.5451", "train/hateful_memes/roc_auc/avg": "0.5268", "max mem": 6412.0, "experiment": "run", "epoch": 3, "num_updates": 700, "iterations": 700, "max_updates": 1000, "lr": "0.", "ups": "0.96", "time": "01m 44s 994ms", "time_since_start": "13m 006ms", "eta": "05m 14s 982ms"}
2020-06-01T14:59:31 WARNING: /opt/conda/lib/python3.7/site-packages/torch/optim/lr_scheduler.py:143: UserWarning: The epoch parameter in `scheduler.step()` was not necessary and is being deprecated where possible. Please use `scheduler.step()` to step the scheduler. During the deprecation, if epoch is different from None, the closed form is used instead of the new chainable form, where available. Please open an issue if you are unable to replicate your use case: https://github.com/pytorch/pytorch/issues/new/choose.
  warnings.warn(EPOCH_DEPRECATION_WARNING, UserWarning)

2020-06-01T15:01:16 INFO: {"progress": "800/1000", "train/total_loss": "0.7806", "train/total_loss/avg": "0.7721", "train/hateful_memes/cross_entropy": "0.7806", "train/hateful_memes/cross_entropy/avg": "0.7721", "train/hateful_memes/accuracy": "0.5000", "train/hateful_memes/accuracy/avg": "0.4922", "train/hateful_memes/binary_f1": "0.4444", "train/hateful_memes/binary_f1/avg": "0.3720", "train/hateful_memes/roc_auc": "0.4955", "train/hateful_memes/roc_auc/avg": "0.5052", "max mem": 6412.0, "experiment": "run", "epoch": 4, "num_updates": 800, "iterations": 800, "max_updates": 1000, "lr": "0.", "ups": "0.95", "time": "01m 45s 905ms", "time_since_start": "14m 45s 912ms", "eta": "03m 31s 810ms"}
2020-06-01T15:01:17 WARNING: /opt/conda/lib/python3.7/site-packages/torch/optim/lr_scheduler.py:143: UserWarning: The epoch parameter in `scheduler.step()` was not necessary and is being deprecated where possible. Please use `scheduler.step()` to step the scheduler. During the deprecation, if epoch is different from None, the closed form is used instead of the new chainable form, where available. Please open an issue if you are unable to replicate your use case: https://github.com/pytorch/pytorch/issues/new/choose.
  warnings.warn(EPOCH_DEPRECATION_WARNING, UserWarning)

2020-06-01T15:03:01 INFO: {"progress": "900/1000", "train/total_loss": "0.8038", "train/total_loss/avg": "0.7767", "train/hateful_memes/cross_entropy": "0.8038", "train/hateful_memes/cross_entropy/avg": "0.7767", "train/hateful_memes/accuracy": "0.5000", "train/hateful_memes/accuracy/avg": "0.4896", "train/hateful_memes/binary_f1": "0.4444", "train/hateful_memes/binary_f1/avg": "0.3424", "train/hateful_memes/roc_auc": "0.4955", "train/hateful_memes/roc_auc/avg": "0.4888", "max mem": 6412.0, "experiment": "run", "epoch": 4, "num_updates": 900, "iterations": 900, "max_updates": 1000, "lr": "0.", "ups": "0.96", "time": "01m 44s 808ms", "time_since_start": "16m 30s 720ms", "eta": "01m 44s 808ms"}
2020-06-01T15:03:02 WARNING: /opt/conda/lib/python3.7/site-packages/torch/optim/lr_scheduler.py:143: UserWarning: The epoch parameter in `scheduler.step()` was not necessary and is being deprecated where possible. Please use `scheduler.step()` to step the scheduler. During the deprecation, if epoch is different from None, the closed form is used instead of the new chainable form, where available. Please open an issue if you are unable to replicate your use case: https://github.com/pytorch/pytorch/issues/new/choose.
  warnings.warn(EPOCH_DEPRECATION_WARNING, UserWarning)

2020-06-01T15:04:46 INFO: {"progress": "1000/1000", "train/total_loss": "0.7806", "train/total_loss/avg": "0.7579", "train/hateful_memes/cross_entropy": "0.7806", "train/hateful_memes/cross_entropy/avg": "0.7579", "train/hateful_memes/accuracy": "0.5000", "train/hateful_memes/accuracy/avg": "0.5062", "train/hateful_memes/binary_f1": "0.2667", "train/hateful_memes/binary_f1/avg": "0.3348", "train/hateful_memes/roc_auc": "0.4955", "train/hateful_memes/roc_auc/avg": "0.5067", "max mem": 6412.0, "experiment": "run", "epoch": 4, "num_updates": 1000, "iterations": 1000, "max_updates": 1000, "lr": "0.", "ups": "0.96", "time": "01m 44s 852ms", "time_since_start": "18m 15s 573ms", "eta": "0ms"}
2020-06-01T15:04:46 INFO: Checkpoint time. Saving a checkpoint.
2020-06-01T15:04:48 INFO: Evaluation time. Running on full validation set...
2020-06-01T15:05:22 INFO: {"progress": "1000/1000", "val/total_loss": "0.7263", "val/hateful_memes/cross_entropy": "0.7263", "val/hateful_memes/accuracy": "0.4980", "val/hateful_memes/binary_f1": "0.2725", "val/hateful_memes/roc_auc": "0.4971", "num_updates": 1000, "epoch": 4, "iterations": 1000, "max_updates": 1000, "val_time": "20s 758ms", "best_update": 1000, "best_iteration": 1000, "best_val/hateful_memes/roc_auc": "0.497104"}
2020-06-01T15:05:23 WARNING: /opt/conda/lib/python3.7/site-packages/torch/optim/lr_scheduler.py:143: UserWarning: The epoch parameter in `scheduler.step()` was not necessary and is being deprecated where possible. Please use `scheduler.step()` to step the scheduler. During the deprecation, if epoch is different from None, the closed form is used instead of the new chainable form, where available. Please open an issue if you are unable to replicate your use case: https://github.com/pytorch/pytorch/issues/new/choose.
  warnings.warn(EPOCH_DEPRECATION_WARNING, UserWarning)

2020-06-01T15:05:23 INFO: Stepping into final validation check
2020-06-01T15:05:23 INFO: Evaluation time. Running on full validation set...
2020-06-01T15:05:47 INFO: {"progress": "1001/1000", "val/total_loss": "0.7263", "val/hateful_memes/cross_entropy": "0.7263", "val/hateful_memes/accuracy": "0.5000", "val/hateful_memes/binary_f1": "0.2775", "val/hateful_memes/roc_auc": "0.5007", "num_updates": 1001, "epoch": 4, "iterations": 1001, "max_updates": 1000, "val_time": "05s 428ms", "best_update": 1001, "best_iteration": 1001, "best_val/hateful_memes/roc_auc": "0.500736"}
2020-06-01T15:05:47 INFO: Restoring checkpoint
2020-06-01T15:05:47 INFO: Loading checkpoint
2020-06-01T15:05:48 INFO: Checkpoint loaded
2020-06-01T15:05:48 INFO: Starting test inference predictions
2020-06-01T15:05:48 INFO: Predicting for hateful_memes
2020-06-01T15:06:04 INFO: Wrote evalai predictions for hateful_memes to /home/jupyter/meme_hateful_detection/save/reports/hateful_memes_run_test_2020-06-01T15:06:04.csv
2020-06-01T15:06:04 INFO: Finished predicting
2020-06-01T15:06:04 INFO: Finished run in 19m 34s 052ms
